TN:
SF:/home/ali/exemple-jhipster/testbed/src/main/webapp/app/app.constants.ts
FNF:0
FNH:0
DA:5,59
DA:6,59
DA:7,59
DA:8,59
LF:4
LH:4
BRF:0
BRH:0
end_of_record
TN:
SF:/home/ali/exemple-jhipster/testbed/src/main/webapp/app/account/activate/activate.component.html
FNF:0
FNH:0
DA:1,1
LF:1
LH:1
BRF:0
BRH:0
end_of_record
TN:
SF:/home/ali/exemple-jhipster/testbed/src/main/webapp/app/account/activate/activate.component.ts
FN:16,(anonymous_0)
FN:18,(anonymous_1)
FN:19,(anonymous_2)
FN:20,(anonymous_3)
FN:21,(anonymous_4)
FN:25,(anonymous_5)
FNF:6
FNH:5
FNDA:3,(anonymous_0)
FNDA:3,(anonymous_1)
FNDA:3,(anonymous_2)
FNDA:1,(anonymous_3)
FNDA:1,(anonymous_4)
FNDA:0,(anonymous_5)
DA:1,1
DA:2,1
DA:3,1
DA:5,1
DA:6,1
DA:12,1
DA:13,3
DA:14,3
DA:16,3
DA:19,3
DA:20,1
DA:21,1
DA:26,0
LF:13
LH:12
BRF:0
BRH:0
end_of_record
TN:
SF:/home/ali/exemple-jhipster/testbed/src/main/webapp/app/account/activate/activate.service.ts
FN:9,(anonymous_0)
FN:11,(anonymous_1)
FNF:2
FNH:1
FNDA:3,(anonymous_0)
FNDA:0,(anonymous_1)
DA:1,1
DA:2,1
DA:5,1
DA:8,1
DA:9,3
DA:12,0
LF:6
LH:5
BRF:0
BRH:0
end_of_record
TN:
SF:/home/ali/exemple-jhipster/testbed/src/main/webapp/app/account/password/password-strength-bar.component.ts
FN:22,(anonymous_0)
FN:24,(anonymous_1)
FN:33,(anonymous_2)
FN:51,(anonymous_3)
FN:68,(anonymous_4)
FNF:5
FNH:4
FNDA:3,(anonymous_0)
FNDA:10,(anonymous_1)
FNDA:40,(anonymous_2)
FNDA:7,(anonymous_3)
FNDA:0,(anonymous_4)
DA:1,1
DA:19,1
DA:20,3
DA:22,3
DA:25,10
DA:26,10
DA:27,10
DA:28,10
DA:29,10
DA:30,10
DA:32,10
DA:33,10
DA:34,40
DA:37,10
DA:38,10
DA:41,10
DA:44,10
DA:45,10
DA:46,10
DA:48,10
DA:52,7
DA:53,7
DA:54,3
DA:55,4
DA:56,1
DA:57,3
DA:58,1
DA:59,2
DA:60,1
DA:62,1
DA:64,7
DA:68,1
DA:69,0
DA:70,0
DA:71,0
DA:72,0
DA:73,0
DA:75,0
DA:76,0
DA:77,0
DA:78,0
DA:80,0
LF:42
LH:32
BRDA:37,0,0,1
BRDA:37,0,1,9
BRDA:41,1,0,7
BRDA:41,1,1,3
BRDA:44,2,0,2
BRDA:44,2,1,8
BRDA:45,3,0,0
BRDA:45,3,1,10
BRDA:46,4,0,2
BRDA:46,4,1,8
BRDA:53,5,0,3
BRDA:53,5,1,4
BRDA:55,6,0,1
BRDA:55,6,1,3
BRDA:57,7,0,1
BRDA:57,7,1,2
BRDA:59,8,0,1
BRDA:59,8,1,1
BRDA:69,9,0,0
BRDA:69,9,1,0
BRDA:72,10,0,0
BRDA:72,10,1,0
BRDA:77,11,0,0
BRDA:77,11,1,0
BRF:24
BRH:17
end_of_record
TN:
SF:/home/ali/exemple-jhipster/testbed/src/main/webapp/app/account/password/password.component.html
FNF:0
FNH:0
DA:1,1
LF:1
LH:1
BRF:0
BRH:0
end_of_record
TN:
SF:/home/ali/exemple-jhipster/testbed/src/main/webapp/app/account/password/password.component.ts
FN:24,(anonymous_0)
FN:26,(anonymous_1)
FN:30,(anonymous_2)
FN:40,(anonymous_3)
FN:41,(anonymous_4)
FNF:5
FNH:4
FNDA:4,(anonymous_0)
FNDA:0,(anonymous_1)
FNDA:4,(anonymous_2)
FNDA:2,(anonymous_3)
FNDA:1,(anonymous_4)
DA:1,1
DA:2,1
DA:5,1
DA:7,1
DA:13,1
DA:14,4
DA:15,4
DA:16,4
DA:18,4
DA:24,4
DA:27,0
DA:31,4
DA:32,4
DA:33,4
DA:35,4
DA:36,4
DA:37,1
DA:39,3
DA:40,2
DA:41,1
LF:20
LH:19
BRDA:36,0,0,1
BRDA:36,0,1,3
BRF:2
BRH:2
end_of_record
TN:
SF:/home/ali/exemple-jhipster/testbed/src/main/webapp/app/account/password/password.service.ts
FN:9,(anonymous_0)
FN:11,(anonymous_1)
FNF:2
FNH:1
FNDA:4,(anonymous_0)
FNDA:0,(anonymous_1)
DA:1,1
DA:2,1
DA:5,1
DA:8,1
DA:9,4
DA:12,0
LF:6
LH:5
BRF:0
BRH:0
end_of_record
TN:
SF:/home/ali/exemple-jhipster/testbed/src/main/webapp/app/account/password-reset/finish/password-reset-finish.component.html
FNF:0
FNH:0
DA:1,1
LF:1
LH:1
BRF:0
BRH:0
end_of_record
TN:
SF:/home/ali/exemple-jhipster/testbed/src/main/webapp/app/account/password-reset/finish/password-reset-finish.component.ts
FN:27,(anonymous_0)
FN:34,(anonymous_1)
FN:35,(anonymous_2)
FN:43,(anonymous_3)
FN:49,(anonymous_4)
FN:60,(anonymous_5)
FN:61,(anonymous_6)
FN:66,(anonymous_7)
FNF:8
FNH:7
FNDA:10,(anonymous_0)
FNDA:5,(anonymous_1)
FNDA:5,(anonymous_2)
FNDA:1,(anonymous_3)
FNDA:3,(anonymous_4)
FNDA:1,(anonymous_5)
FNDA:1,(anonymous_6)
FNDA:0,(anonymous_7)
DA:1,1
DA:2,1
DA:3,1
DA:5,1
DA:6,1
DA:12,1
DA:14,1
DA:16,10
DA:17,10
DA:18,10
DA:19,10
DA:20,10
DA:22,10
DA:28,10
DA:29,10
DA:30,10
DA:31,10
DA:35,5
DA:36,5
DA:37,5
DA:39,5
DA:44,1
DA:45,1
DA:50,3
DA:51,3
DA:53,3
DA:54,3
DA:56,3
DA:57,1
DA:59,2
DA:60,1
DA:61,1
DA:67,0
LF:33
LH:32
BRDA:36,0,0,5
BRDA:36,0,1,0
BRDA:44,1,0,1
BRDA:44,1,1,0
BRDA:56,2,0,1
BRDA:56,2,1,2
BRF:6
BRH:4
end_of_record
TN:
SF:/home/ali/exemple-jhipster/testbed/src/main/webapp/app/account/password-reset/finish/password-reset-finish.service.ts
FN:9,(anonymous_0)
FN:11,(anonymous_1)
FNF:2
FNH:1
FNDA:5,(anonymous_0)
FNDA:0,(anonymous_1)
DA:1,1
DA:2,1
DA:5,1
DA:8,1
DA:9,5
DA:12,0
LF:6
LH:5
BRF:0
BRH:0
end_of_record
TN:
SF:/home/ali/exemple-jhipster/testbed/src/main/webapp/app/account/password-reset/init/password-reset-init.component.html
FNF:0
FNH:0
DA:1,1
LF:1
LH:1
BRF:0
BRH:0
end_of_record
TN:
SF:/home/ali/exemple-jhipster/testbed/src/main/webapp/app/account/password-reset/init/password-reset-init.component.ts
FN:19,(anonymous_0)
FN:21,(anonymous_1)
FN:27,(anonymous_2)
FN:28,(anonymous_3)
FNF:4
FNH:4
FNDA:3,(anonymous_0)
FNDA:1,(anonymous_1)
FNDA:2,(anonymous_2)
FNDA:1,(anonymous_3)
DA:1,1
DA:2,1
DA:4,1
DA:10,1
DA:12,1
DA:14,3
DA:15,3
DA:19,3
DA:22,1
DA:23,1
DA:28,2
LF:11
LH:11
BRDA:22,0,0,1
BRDA:22,0,1,0
BRF:2
BRH:1
end_of_record
TN:
SF:/home/ali/exemple-jhipster/testbed/src/main/webapp/app/account/password-reset/init/password-reset-init.service.ts
FN:9,(anonymous_0)
FN:11,(anonymous_1)
FNF:2
FNH:1
FNDA:3,(anonymous_0)
FNDA:0,(anonymous_1)
DA:1,1
DA:2,1
DA:5,1
DA:8,1
DA:9,3
DA:12,0
LF:6
LH:5
BRF:0
BRH:0
end_of_record
TN:
SF:/home/ali/exemple-jhipster/testbed/src/main/webapp/app/account/register/register.component.html
FNF:0
FNH:0
DA:1,1
LF:1
LH:1
BRF:0
BRH:0
end_of_record
TN:
SF:/home/ali/exemple-jhipster/testbed/src/main/webapp/app/account/register/register.component.ts
FN:31,(anonymous_0)
FN:38,(anonymous_1)
FN:44,(anonymous_2)
FN:57,(anonymous_3)
FN:58,(anonymous_4)
FN:63,(anonymous_5)
FN:67,(anonymous_6)
FNF:7
FNH:5
FNDA:5,(anonymous_0)
FNDA:0,(anonymous_1)
FNDA:5,(anonymous_2)
FNDA:1,(anonymous_3)
FNDA:3,(anonymous_4)
FNDA:0,(anonymous_5)
FNDA:3,(anonymous_6)
DA:1,1
DA:3,1
DA:4,1
DA:6,1
DA:7,1
DA:8,1
DA:14,1
DA:16,1
DA:18,5
DA:19,5
DA:20,5
DA:21,5
DA:22,5
DA:24,5
DA:32,5
DA:33,5
DA:34,5
DA:35,5
DA:39,0
DA:40,0
DA:45,5
DA:46,5
DA:47,5
DA:48,5
DA:50,5
DA:51,5
DA:52,1
DA:54,4
DA:55,4
DA:56,4
DA:57,1
DA:58,3
DA:64,0
DA:68,3
DA:69,1
DA:70,2
DA:71,1
DA:73,1
LF:38
LH:35
BRDA:39,0,0,0
BRDA:39,0,1,0
BRDA:51,1,0,1
BRDA:51,1,1,4
BRDA:68,2,0,1
BRDA:68,2,1,2
BRDA:68,3,0,3
BRDA:68,3,1,2
BRDA:70,4,0,1
BRDA:70,4,1,1
BRDA:70,5,0,2
BRDA:70,5,1,1
BRF:12
BRH:10
end_of_record
TN:
SF:/home/ali/exemple-jhipster/testbed/src/main/webapp/app/account/register/register.service.ts
FN:10,(anonymous_0)
FN:12,(anonymous_1)
FNF:2
FNH:1
FNDA:5,(anonymous_0)
FNDA:0,(anonymous_1)
DA:1,1
DA:2,1
DA:5,1
DA:9,1
DA:10,5
DA:13,0
LF:6
LH:5
BRF:0
BRH:0
end_of_record
TN:
SF:/home/ali/exemple-jhipster/testbed/src/main/webapp/app/account/settings/settings.component.html
FNF:0
FNH:0
DA:1,1
LF:1
LH:1
BRF:0
BRH:0
end_of_record
TN:
SF:/home/ali/exemple-jhipster/testbed/src/main/webapp/app/account/settings/settings.component.ts
FN:24,(anonymous_0)
FN:26,(anonymous_1)
FN:27,(anonymous_2)
FN:41,(anonymous_3)
FN:49,(anonymous_4)
FNF:5
FNH:5
FNDA:3,(anonymous_0)
FNDA:3,(anonymous_1)
FNDA:3,(anonymous_2)
FNDA:3,(anonymous_3)
FNDA:2,(anonymous_4)
DA:1,1
DA:2,1
DA:3,1
DA:5,1
DA:7,1
DA:13,1
DA:15,3
DA:16,3
DA:17,3
DA:24,3
DA:27,3
DA:28,3
DA:29,3
DA:36,3
DA:42,3
DA:44,3
DA:45,3
DA:46,3
DA:47,3
DA:49,3
DA:50,2
DA:52,2
DA:54,2
DA:55,0
LF:24
LH:23
BRDA:28,0,0,3
BRDA:28,0,1,0
BRDA:54,1,0,0
BRDA:54,1,1,2
BRF:4
BRH:2
end_of_record
TN:
SF:/home/ali/exemple-jhipster/testbed/src/main/webapp/app/admin/audits/audit.model.ts
FN:4,(anonymous_0)
FNF:1
FNH:1
FNDA:2,(anonymous_0)
DA:3,2
DA:4,2
LF:2
LH:2
BRF:0
BRH:0
end_of_record
TN:
SF:/home/ali/exemple-jhipster/testbed/src/main/webapp/app/admin/audits/audits.component.html
FNF:0
FNH:0
DA:1,1
LF:1
LH:1
BRF:0
BRH:0
end_of_record
TN:
SF:/home/ali/exemple-jhipster/testbed/src/main/webapp/app/admin/audits/audits.component.ts
FN:27,(anonymous_0)
FN:34,(anonymous_1)
FN:37,(anonymous_2)
FN:46,(anonymous_3)
FN:53,(anonymous_4)
FN:57,(anonymous_5)
FN:69,(anonymous_6)
FN:79,(anonymous_7)
FN:86,(anonymous_8)
FN:95,(anonymous_9)
FN:98,(anonymous_10)
FN:106,(anonymous_11)
FNF:12
FNH:12
FNDA:14,(anonymous_0)
FNDA:8,(anonymous_1)
FNDA:8,(anonymous_2)
FNDA:2,(anonymous_3)
FNDA:6,(anonymous_4)
FNDA:4,(anonymous_5)
FNDA:8,(anonymous_6)
FNDA:8,(anonymous_7)
FNDA:11,(anonymous_8)
FNDA:4,(anonymous_9)
FNDA:11,(anonymous_10)
FNDA:4,(anonymous_11)
DA:1,1
DA:3,1
DA:4,1
DA:6,1
DA:8,1
DA:14,1
DA:16,14
DA:17,14
DA:22,14
DA:23,14
DA:25,14
DA:28,14
DA:29,14
DA:30,14
DA:31,14
DA:35,8
DA:36,8
DA:37,8
DA:38,8
DA:39,8
DA:40,8
DA:41,8
DA:42,8
DA:47,2
DA:48,1
DA:49,1
DA:54,6
DA:58,4
DA:59,3
DA:65,3
DA:70,8
DA:71,8
DA:72,4
DA:74,4
DA:76,8
DA:81,8
DA:82,8
DA:83,8
DA:87,11
DA:95,4
DA:99,11
DA:100,11
DA:101,2
DA:103,11
DA:107,4
DA:108,4
LF:46
LH:46
BRDA:47,0,0,1
BRDA:47,0,1,1
BRDA:54,1,0,6
BRDA:54,1,1,4
BRDA:58,2,0,3
BRDA:58,2,1,1
BRDA:62,3,0,1
BRDA:62,3,1,2
BRDA:71,4,0,4
BRDA:71,4,1,4
BRDA:99,5,0,1
BRDA:99,5,1,10
BRDA:100,6,0,2
BRDA:100,6,1,9
BRDA:108,7,0,4
BRDA:108,7,1,3
BRF:16
BRH:16
end_of_record
TN:
SF:/home/ali/exemple-jhipster/testbed/src/main/webapp/app/admin/audits/audits.service.ts
FN:16,(anonymous_0)
FN:18,(anonymous_1)
FNF:2
FNH:2
FNDA:17,(anonymous_0)
FNDA:10,(anonymous_1)
DA:1,2
DA:2,2
DA:5,2
DA:6,2
DA:15,2
DA:16,17
DA:19,10
DA:21,10
DA:23,10
LF:9
LH:9
BRF:0
BRH:0
end_of_record
TN:
SF:/home/ali/exemple-jhipster/testbed/src/main/webapp/app/admin/configuration/configuration.component.html
FNF:0
FNH:0
DA:1,1
LF:1
LH:1
BRF:0
BRH:0
end_of_record
TN:
SF:/home/ali/exemple-jhipster/testbed/src/main/webapp/app/admin/configuration/configuration.component.ts
FN:16,(anonymous_0)
FN:18,(anonymous_1)
FN:19,(anonymous_2)
FN:24,(anonymous_3)
FN:27,(anonymous_4)
FN:29,(anonymous_5)
FN:30,(anonymous_6)
FNF:7
FNH:6
FNDA:1,(anonymous_0)
FNDA:1,(anonymous_1)
FNDA:1,(anonymous_2)
FNDA:1,(anonymous_3)
FNDA:1,(anonymous_4)
FNDA:1,(anonymous_5)
FNDA:0,(anonymous_6)
DA:1,1
DA:3,1
DA:9,1
DA:11,1
DA:12,1
DA:13,1
DA:14,1
DA:16,1
DA:19,1
DA:20,1
DA:21,1
DA:24,1
DA:28,1
DA:29,1
DA:30,0
LF:15
LH:14
BRDA:29,0,0,1
BRDA:29,0,1,0
BRDA:30,1,0,0
BRDA:30,1,1,0
BRDA:30,2,0,0
BRDA:30,2,1,0
BRDA:30,3,0,0
BRDA:30,3,1,0
BRF:8
BRH:1
end_of_record
TN:
SF:/home/ali/exemple-jhipster/testbed/src/main/webapp/app/admin/configuration/configuration.service.ts
FN:51,(anonymous_0)
FN:53,(anonymous_1)
FN:55,(anonymous_2)
FN:58,(anonymous_3)
FN:59,(anonymous_4)
FN:65,(anonymous_5)
FN:66,(anonymous_6)
FNF:7
FNH:6
FNDA:4,(anonymous_0)
FNDA:2,(anonymous_1)
FNDA:1,(anonymous_2)
FNDA:1,(anonymous_3)
FNDA:0,(anonymous_4)
FNDA:1,(anonymous_5)
FNDA:1,(anonymous_6)
DA:1,2
DA:2,2
DA:4,2
DA:6,2
DA:50,2
DA:51,4
DA:54,2
DA:56,1
DA:58,1
DA:59,0
DA:66,1
LF:11
LH:10
BRF:0
BRH:0
end_of_record
TN:
SF:/home/ali/exemple-jhipster/testbed/src/main/webapp/app/admin/health/health-modal.component.html
FNF:0
FNH:0
DA:1,1
LF:1
LH:1
BRF:0
BRH:0
end_of_record
TN:
SF:/home/ali/exemple-jhipster/testbed/src/main/webapp/app/admin/health/health-modal.component.ts
FN:13,(anonymous_0)
FN:15,(anonymous_1)
FN:34,(anonymous_2)
FNF:3
FNH:0
FNDA:0,(anonymous_0)
FNDA:0,(anonymous_1)
FNDA:0,(anonymous_2)
DA:1,1
DA:2,1
DA:10,1
DA:13,0
DA:16,0
DA:18,0
DA:19,0
DA:21,0
DA:23,0
DA:27,0
DA:28,0
DA:30,0
DA:35,0
LF:13
LH:3
BRDA:16,0,0,0
BRDA:16,0,1,0
BRDA:16,1,0,0
BRDA:16,1,1,0
BRDA:19,2,0,0
BRDA:19,2,1,0
BRDA:27,3,0,0
BRDA:27,3,1,0
BRF:8
BRH:0
end_of_record
TN:
SF:/home/ali/exemple-jhipster/testbed/src/main/webapp/app/admin/health/health.component.html
FNF:0
FNH:0
DA:1,1
LF:1
LH:1
BRF:0
BRH:0
end_of_record
TN:
SF:/home/ali/exemple-jhipster/testbed/src/main/webapp/app/admin/health/health.component.ts
FN:15,(anonymous_0)
FN:17,(anonymous_1)
FN:21,(anonymous_2)
FN:29,(anonymous_3)
FN:31,(anonymous_4)
FN:32,(anonymous_5)
FN:40,(anonymous_6)
FNF:7
FNH:6
FNDA:3,(anonymous_0)
FNDA:1,(anonymous_1)
FNDA:2,(anonymous_2)
FNDA:2,(anonymous_3)
FNDA:1,(anonymous_4)
FNDA:1,(anonymous_5)
FNDA:0,(anonymous_6)
DA:1,1
DA:3,1
DA:5,1
DA:6,1
DA:12,1
DA:15,3
DA:18,1
DA:22,2
DA:23,1
DA:25,1
DA:30,2
DA:31,1
DA:33,1
DA:34,1
DA:41,0
DA:42,0
LF:16
LH:14
BRDA:22,0,0,1
BRDA:22,0,1,1
BRDA:33,1,0,1
BRDA:33,1,1,0
BRF:4
BRH:3
end_of_record
TN:
SF:/home/ali/exemple-jhipster/testbed/src/main/webapp/app/admin/health/health.service.ts
FN:25,(anonymous_0)
FN:27,(anonymous_1)
FNF:2
FNH:1
FNDA:3,(anonymous_0)
FNDA:0,(anonymous_1)
DA:1,1
DA:2,1
DA:5,1
DA:24,1
DA:25,3
DA:28,0
LF:6
LH:5
BRF:0
BRH:0
end_of_record
TN:
SF:/home/ali/exemple-jhipster/testbed/src/main/webapp/app/admin/logs/log.model.ts
FN:14,(anonymous_0)
FNF:1
FNH:1
FNDA:4,(anonymous_0)
DA:13,1
DA:14,4
LF:2
LH:2
BRF:0
BRH:0
end_of_record
TN:
SF:/home/ali/exemple-jhipster/testbed/src/main/webapp/app/admin/logs/logs.component.html
FNF:0
FNH:0
DA:1,1
LF:1
LH:1
BRF:0
BRH:0
end_of_record
TN:
SF:/home/ali/exemple-jhipster/testbed/src/main/webapp/app/admin/logs/logs.component.ts
FN:16,(anonymous_0)
FN:18,(anonymous_1)
FN:22,(anonymous_2)
FN:23,(anonymous_3)
FN:26,(anonymous_4)
FN:30,(anonymous_5)
FN:31,(anonymous_6)
FNF:7
FNH:7
FNDA:3,(anonymous_0)
FNDA:1,(anonymous_1)
FNDA:1,(anonymous_2)
FNDA:1,(anonymous_3)
FNDA:2,(anonymous_4)
FNDA:2,(anonymous_5)
FNDA:2,(anonymous_6)
DA:1,1
DA:3,1
DA:4,1
DA:10,1
DA:12,3
DA:13,3
DA:14,3
DA:16,3
DA:19,1
DA:23,1
DA:27,2
DA:31,2
LF:12
LH:12
BRF:0
BRH:0
end_of_record
TN:
SF:/home/ali/exemple-jhipster/testbed/src/main/webapp/app/admin/logs/logs.service.ts
FN:10,(anonymous_0)
FN:12,(anonymous_1)
FN:16,(anonymous_2)
FNF:3
FNH:3
FNDA:5,(anonymous_0)
FNDA:1,(anonymous_1)
FNDA:1,(anonymous_2)
DA:1,2
DA:2,2
DA:5,2
DA:9,2
DA:10,5
DA:13,1
DA:17,1
LF:7
LH:7
BRF:0
BRH:0
end_of_record
TN:
SF:/home/ali/exemple-jhipster/testbed/src/main/webapp/app/admin/metrics/metrics.component.html
FNF:0
FNH:0
DA:1,1
LF:1
LH:1
BRF:0
BRH:0
end_of_record
TN:
SF:/home/ali/exemple-jhipster/testbed/src/main/webapp/app/admin/metrics/metrics.component.ts
FN:16,(anonymous_0)
FN:18,(anonymous_1)
FN:22,(anonymous_2)
FN:28,(anonymous_3)
FN:29,(anonymous_4)
FN:40,(anonymous_5)
FN:44,(anonymous_6)
FNF:7
FNH:4
FNDA:1,(anonymous_0)
FNDA:1,(anonymous_1)
FNDA:1,(anonymous_2)
FNDA:1,(anonymous_3)
FNDA:0,(anonymous_4)
FNDA:0,(anonymous_5)
FNDA:0,(anonymous_6)
DA:1,1
DA:2,1
DA:4,1
DA:11,1
DA:14,1
DA:16,1
DA:19,1
DA:23,1
DA:24,1
DA:28,1
DA:30,0
DA:31,0
DA:32,0
DA:33,0
DA:41,0
DA:45,0
LF:16
LH:10
BRDA:41,0,0,0
BRDA:41,0,1,0
BRDA:45,1,0,0
BRDA:45,1,1,0
BRDA:45,1,2,0
BRF:5
BRH:0
end_of_record
TN:
SF:/home/ali/exemple-jhipster/testbed/src/main/webapp/app/admin/metrics/metrics.service.ts
FN:14,(anonymous_0)
FN:16,(anonymous_1)
FN:20,(anonymous_2)
FNF:3
FNH:3
FNDA:4,(anonymous_0)
FNDA:2,(anonymous_1)
FNDA:2,(anonymous_2)
DA:1,2
DA:2,2
DA:5,2
DA:13,2
DA:14,4
DA:17,2
DA:21,2
LF:7
LH:7
BRF:0
BRH:0
end_of_record
TN:
SF:/home/ali/exemple-jhipster/testbed/src/main/webapp/app/admin/user-management/user-management-delete-dialog.component.html
FNF:0
FNH:0
DA:1,2
LF:1
LH:1
BRF:0
BRH:0
end_of_record
TN:
SF:/home/ali/exemple-jhipster/testbed/src/main/webapp/app/admin/user-management/user-management-delete-dialog.component.ts
FN:15,(anonymous_0)
FN:17,(anonymous_1)
FN:21,(anonymous_2)
FN:22,(anonymous_3)
FNF:4
FNH:3
FNDA:1,(anonymous_0)
FNDA:0,(anonymous_1)
FNDA:1,(anonymous_2)
FNDA:1,(anonymous_3)
DA:1,2
DA:2,2
DA:3,2
DA:6,2
DA:12,2
DA:15,1
DA:18,0
DA:22,1
DA:23,1
DA:24,1
LF:10
LH:9
BRF:0
BRH:0
end_of_record
TN:
SF:/home/ali/exemple-jhipster/testbed/src/main/webapp/app/admin/user-management/user-management-detail.component.html
FNF:0
FNH:0
DA:1,1
LF:1
LH:1
BRF:0
BRH:0
end_of_record
TN:
SF:/home/ali/exemple-jhipster/testbed/src/main/webapp/app/admin/user-management/user-management-detail.component.ts
FN:13,(anonymous_0)
FN:15,(anonymous_1)
FN:16,(anonymous_2)
FNF:3
FNH:3
FNDA:1,(anonymous_0)
FNDA:1,(anonymous_1)
FNDA:1,(anonymous_2)
DA:1,1
DA:2,1
DA:10,1
DA:11,1
DA:13,1
DA:16,1
LF:6
LH:6
BRF:0
BRH:0
end_of_record
TN:
SF:/home/ali/exemple-jhipster/testbed/src/main/webapp/app/admin/user-management/user-management-update.component.html
FNF:0
FNH:0
DA:1,1
LF:1
LH:1
BRF:0
BRH:0
end_of_record
TN:
SF:/home/ali/exemple-jhipster/testbed/src/main/webapp/app/admin/user-management/user-management-update.component.ts
FN:30,(anonymous_0)
FN:32,(anonymous_1)
FN:33,(anonymous_2)
FN:42,(anonymous_3)
FN:47,(anonymous_4)
FN:51,(anonymous_5)
FN:56,(anonymous_6)
FN:57,(anonymous_7)
FN:61,(anonymous_8)
FN:62,(anonymous_9)
FN:67,(anonymous_10)
FN:80,(anonymous_11)
FN:90,(anonymous_12)
FN:95,(anonymous_13)
FNF:14
FNH:11
FNDA:3,(anonymous_0)
FNDA:1,(anonymous_1)
FNDA:1,(anonymous_2)
FNDA:1,(anonymous_3)
FNDA:2,(anonymous_4)
FNDA:2,(anonymous_5)
FNDA:1,(anonymous_6)
FNDA:0,(anonymous_7)
FNDA:1,(anonymous_8)
FNDA:0,(anonymous_9)
FNDA:1,(anonymous_10)
FNDA:2,(anonymous_11)
FNDA:2,(anonymous_12)
FNDA:0,(anonymous_13)
DA:1,1
DA:2,1
DA:3,1
DA:5,1
DA:7,1
DA:13,1
DA:15,3
DA:16,3
DA:17,3
DA:19,3
DA:30,3
DA:33,1
DA:34,1
DA:35,1
DA:36,1
DA:37,0
DA:39,1
DA:42,1
DA:43,1
DA:48,2
DA:52,2
DA:53,2
DA:54,2
DA:55,1
DA:56,1
DA:57,0
DA:60,1
DA:61,1
DA:62,0
DA:68,1
DA:81,2
DA:82,2
DA:83,2
DA:84,2
DA:85,2
DA:86,2
DA:87,2
DA:91,2
DA:92,2
DA:96,0
LF:40
LH:36
BRDA:34,0,0,1
BRDA:34,0,1,0
BRDA:36,1,0,0
BRDA:36,1,1,1
BRDA:54,2,0,1
BRDA:54,2,1,1
BRF:6
BRH:4
end_of_record
TN:
SF:/home/ali/exemple-jhipster/testbed/src/main/webapp/app/admin/user-management/user-management.component.html
FNF:0
FNH:0
DA:1,1
LF:1
LH:1
BRF:0
BRH:0
end_of_record
TN:
SF:/home/ali/exemple-jhipster/testbed/src/main/webapp/app/admin/user-management/user-management.component.ts
FN:31,(anonymous_0)
FN:40,(anonymous_1)
FN:44,(anonymous_2)
FN:45,(anonymous_3)
FN:52,(anonymous_4)
FN:59,(anonymous_5)
FN:65,(anonymous_6)
FN:66,(anonymous_7)
FN:69,(anonymous_8)
FN:73,(anonymous_9)
FN:80,(anonymous_10)
FN:91,(anonymous_11)
FN:96,(anonymous_12)
FN:103,(anonymous_13)
FN:106,(anonymous_14)
FN:114,(anonymous_15)
FNF:16
FNH:11
FNDA:2,(anonymous_0)
FNDA:1,(anonymous_1)
FNDA:1,(anonymous_2)
FNDA:1,(anonymous_3)
FNDA:0,(anonymous_4)
FNDA:1,(anonymous_5)
FNDA:1,(anonymous_6)
FNDA:1,(anonymous_7)
FNDA:0,(anonymous_8)
FNDA:0,(anonymous_9)
FNDA:0,(anonymous_10)
FNDA:0,(anonymous_11)
FNDA:2,(anonymous_12)
FNDA:2,(anonymous_13)
FNDA:2,(anonymous_14)
FNDA:2,(anonymous_15)
DA:1,1
DA:3,1
DA:5,1
DA:6,1
DA:7,1
DA:9,1
DA:10,1
DA:12,1
DA:14,1
DA:20,1
DA:21,2
DA:22,2
DA:24,2
DA:25,2
DA:32,2
DA:33,2
DA:34,2
DA:35,2
DA:36,2
DA:37,2
DA:41,1
DA:44,1
DA:46,1
DA:47,1
DA:48,1
DA:49,1
DA:50,1
DA:51,1
DA:52,1
DA:60,1
DA:61,0
DA:66,1
DA:70,0
DA:74,0
DA:75,0
DA:76,0
DA:81,0
DA:88,0
DA:92,0
DA:93,0
DA:97,2
DA:103,2
DA:107,2
DA:108,2
DA:109,1
DA:111,2
DA:115,2
DA:116,2
LF:48
LH:39
BRDA:60,0,0,0
BRDA:60,0,1,1
BRDA:74,1,0,0
BRDA:74,1,1,0
BRDA:85,2,0,0
BRDA:85,2,1,0
BRDA:107,3,0,0
BRDA:107,3,1,2
BRDA:108,4,0,1
BRDA:108,4,1,1
BRF:10
BRH:4
end_of_record
TN:
SF:/home/ali/exemple-jhipster/testbed/src/main/webapp/app/core/auth/account.service.ts
FN:19,(anonymous_0)
FN:27,(anonymous_1)
FN:31,(anonymous_2)
FN:36,(anonymous_3)
FN:43,(anonymous_4)
FN:46,(anonymous_5)
FN:49,(anonymous_6)
FN:52,(anonymous_7)
FN:72,(anonymous_8)
FN:76,(anonymous_9)
FN:80,(anonymous_10)
FN:84,(anonymous_11)
FN:88,(anonymous_12)
FNF:13
FNH:11
FNDA:13,(anonymous_0)
FNDA:0,(anonymous_1)
FNDA:11,(anonymous_2)
FNDA:6,(anonymous_3)
FNDA:4,(anonymous_4)
FNDA:7,(anonymous_5)
FNDA:1,(anonymous_6)
FNDA:4,(anonymous_7)
FNDA:4,(anonymous_8)
FNDA:2,(anonymous_9)
FNDA:0,(anonymous_10)
FNDA:6,(anonymous_11)
FNDA:3,(anonymous_12)
DA:1,47
DA:2,47
DA:3,47
DA:4,47
DA:5,47
DA:6,47
DA:7,47
DA:8,47
DA:10,47
DA:14,47
DA:15,13
DA:16,13
DA:20,13
DA:21,13
DA:22,13
DA:23,13
DA:24,13
DA:28,0
DA:32,11
DA:33,11
DA:37,6
DA:38,2
DA:40,4
DA:41,2
DA:43,4
DA:47,7
DA:48,6
DA:50,1
DA:53,4
DA:57,4
DA:58,0
DA:59,0
DA:62,4
DA:63,3
DA:69,7
DA:73,4
DA:77,2
DA:81,0
DA:85,6
DA:91,3
DA:92,3
DA:93,1
DA:94,1
LF:43
LH:39
BRDA:37,0,0,2
BRDA:37,0,1,4
BRDA:37,1,0,6
BRDA:37,1,1,4
BRDA:40,2,0,2
BRDA:40,2,1,2
BRDA:47,3,0,6
BRDA:47,3,1,1
BRDA:47,4,0,7
BRDA:47,4,1,2
BRDA:47,4,2,2
BRDA:57,5,0,0
BRDA:57,5,1,4
BRDA:57,6,0,4
BRDA:57,6,1,3
BRDA:58,7,0,0
BRDA:58,7,1,0
BRDA:62,8,0,3
BRDA:62,8,1,1
BRDA:81,9,0,0
BRDA:81,9,1,0
BRDA:92,10,0,1
BRDA:92,10,1,2
BRF:23
BRH:18
end_of_record
TN:
SF:/home/ali/exemple-jhipster/testbed/src/main/webapp/app/core/auth/auth-jwt.service.ts
FN:16,(anonymous_0)
FN:18,(anonymous_1)
FN:22,(anonymous_2)
FN:25,(anonymous_3)
FN:28,(anonymous_4)
FN:29,(anonymous_5)
FN:36,(anonymous_6)
FNF:7
FNH:0
FNDA:0,(anonymous_0)
FNDA:0,(anonymous_1)
FNDA:0,(anonymous_2)
FNDA:0,(anonymous_3)
FNDA:0,(anonymous_4)
FNDA:0,(anonymous_5)
FNDA:0,(anonymous_6)
DA:1,46
DA:2,46
DA:3,46
DA:4,46
DA:5,46
DA:7,46
DA:15,46
DA:16,0
DA:19,0
DA:23,0
DA:25,0
DA:29,0
DA:30,0
DA:31,0
DA:32,0
DA:37,0
DA:38,0
DA:39,0
DA:41,0
LF:19
LH:7
BRDA:19,0,0,0
BRDA:19,0,1,0
BRDA:19,0,2,0
BRDA:38,1,0,0
BRDA:38,1,1,0
BRF:5
BRH:0
end_of_record
TN:
SF:/home/ali/exemple-jhipster/testbed/src/main/webapp/app/core/auth/state-storage.service.ts
FN:8,(anonymous_0)
FN:10,(anonymous_1)
FN:14,(anonymous_2)
FN:18,(anonymous_3)
FNF:4
FNH:0
FNDA:0,(anonymous_0)
FNDA:0,(anonymous_1)
FNDA:0,(anonymous_2)
FNDA:0,(anonymous_3)
DA:1,47
DA:2,47
DA:5,47
DA:6,0
DA:8,0
DA:11,0
DA:15,0
DA:19,0
LF:8
LH:3
BRF:0
BRH:0
end_of_record
TN:
SF:/home/ali/exemple-jhipster/testbed/src/main/webapp/app/core/language/language.constants.ts
FNF:0
FNH:0
DA:5,2
LF:1
LH:1
BRF:0
BRH:0
end_of_record
TN:
SF:/home/ali/exemple-jhipster/testbed/src/main/webapp/app/core/login/login-modal.service.ts
FN:10,(anonymous_0)
FN:12,(anonymous_1)
FN:18,(anonymous_2)
FNF:3
FNH:0
FNDA:0,(anonymous_0)
FNDA:0,(anonymous_1)
FNDA:0,(anonymous_2)
DA:1,46
DA:2,46
DA:4,46
DA:7,46
DA:8,0
DA:10,0
DA:13,0
DA:14,0
DA:16,0
DA:17,0
DA:18,0
LF:11
LH:4
BRDA:13,0,0,0
BRDA:13,0,1,0
BRF:2
BRH:0
end_of_record
TN:
SF:/home/ali/exemple-jhipster/testbed/src/main/webapp/app/core/login/login.service.ts
FN:12,(anonymous_0)
FN:14,(anonymous_1)
FN:15,(anonymous_2)
FN:18,(anonymous_3)
FN:19,(anonymous_4)
FNF:5
FNH:0
FNDA:0,(anonymous_0)
FNDA:0,(anonymous_1)
FNDA:0,(anonymous_2)
FNDA:0,(anonymous_3)
FNDA:0,(anonymous_4)
DA:1,46
DA:3,46
DA:6,46
DA:7,46
DA:11,46
DA:12,0
DA:15,0
DA:19,0
LF:8
LH:5
BRF:0
BRH:0
end_of_record
TN:
SF:/home/ali/exemple-jhipster/testbed/src/main/webapp/app/core/user/user.model.ts
FN:18,(anonymous_0)
FNF:1
FNH:1
FNDA:7,(anonymous_0)
DA:17,4
DA:19,7
DA:20,7
DA:21,7
DA:22,7
DA:23,7
DA:24,7
DA:25,7
DA:26,7
DA:27,7
DA:28,7
DA:29,7
DA:30,7
DA:31,7
LF:14
LH:14
BRF:0
BRH:0
end_of_record
TN:
SF:/home/ali/exemple-jhipster/testbed/src/main/webapp/app/core/user/user.service.ts
FN:13,(anonymous_0)
FN:15,(anonymous_1)
FN:19,(anonymous_2)
FN:23,(anonymous_3)
FN:27,(anonymous_4)
FN:32,(anonymous_5)
FN:36,(anonymous_6)
FNF:7
FNH:3
FNDA:12,(anonymous_0)
FNDA:0,(anonymous_1)
FNDA:0,(anonymous_2)
FNDA:3,(anonymous_3)
FNDA:0,(anonymous_4)
FNDA:0,(anonymous_5)
FNDA:1,(anonymous_6)
DA:1,5
DA:2,5
DA:5,5
DA:6,5
DA:10,5
DA:11,12
DA:13,12
DA:16,0
DA:20,0
DA:24,3
DA:28,0
DA:29,0
DA:33,0
DA:37,1
LF:14
LH:9
BRF:0
BRH:0
end_of_record
TN:
SF:/home/ali/exemple-jhipster/testbed/src/main/webapp/app/entities/basket/basket-delete-dialog.component.html
FNF:0
FNH:0
DA:1,2
LF:1
LH:1
BRF:0
BRH:0
end_of_record
TN:
SF:/home/ali/exemple-jhipster/testbed/src/main/webapp/app/entities/basket/basket-delete-dialog.component.ts
FN:14,(anonymous_0)
FN:16,(anonymous_1)
FN:20,(anonymous_2)
FN:21,(anonymous_3)
FNF:4
FNH:4
FNDA:2,(anonymous_0)
FNDA:1,(anonymous_1)
FNDA:1,(anonymous_2)
FNDA:1,(anonymous_3)
DA:1,2
DA:2,2
DA:3,2
DA:6,2
DA:11,2
DA:14,2
DA:17,1
DA:21,1
DA:22,1
DA:23,1
LF:10
LH:10
BRF:0
BRH:0
end_of_record
TN:
SF:/home/ali/exemple-jhipster/testbed/src/main/webapp/app/entities/basket/basket-detail.component.html
FNF:0
FNH:0
DA:1,1
LF:1
LH:1
BRF:0
BRH:0
end_of_record
TN:
SF:/home/ali/exemple-jhipster/testbed/src/main/webapp/app/entities/basket/basket-detail.component.ts
FN:13,(anonymous_0)
FN:15,(anonymous_1)
FN:16,(anonymous_2)
FN:19,(anonymous_3)
FNF:4
FNH:3
FNDA:1,(anonymous_0)
FNDA:1,(anonymous_1)
FNDA:1,(anonymous_2)
FNDA:0,(anonymous_3)
DA:1,1
DA:2,1
DA:10,1
DA:11,1
DA:13,1
DA:16,1
DA:20,0
LF:7
LH:6
BRF:0
BRH:0
end_of_record
TN:
SF:/home/ali/exemple-jhipster/testbed/src/main/webapp/app/entities/basket/basket-update.component.html
FNF:0
FNH:0
DA:1,1
LF:1
LH:1
BRF:0
BRH:0
end_of_record
TN:
SF:/home/ali/exemple-jhipster/testbed/src/main/webapp/app/entities/basket/basket-update.component.ts
FN:36,(anonymous_0)
FN:44,(anonymous_1)
FN:45,(anonymous_2)
FN:48,(anonymous_3)
FN:53,(anonymous_4)
FN:57,(anonymous_5)
FN:64,(anonymous_6)
FN:68,(anonymous_7)
FN:74,(anonymous_8)
FN:85,(anonymous_9)
FN:89,(anonymous_10)
FN:99,(anonymous_11)
FN:111,(anonymous_12)
FN:113,(anonymous_13)
FN:114,(anonymous_14)
FN:118,(anonymous_15)
FN:123,(anonymous_16)
FN:127,(anonymous_17)
FNF:18
FNH:8
FNDA:2,(anonymous_0)
FNDA:0,(anonymous_1)
FNDA:0,(anonymous_2)
FNDA:0,(anonymous_3)
FNDA:0,(anonymous_4)
FNDA:0,(anonymous_5)
FNDA:0,(anonymous_6)
FNDA:0,(anonymous_7)
FNDA:2,(anonymous_8)
FNDA:2,(anonymous_9)
FNDA:2,(anonymous_10)
FNDA:2,(anonymous_11)
FNDA:2,(anonymous_12)
FNDA:2,(anonymous_13)
FNDA:0,(anonymous_14)
FNDA:2,(anonymous_15)
FNDA:0,(anonymous_16)
FNDA:0,(anonymous_17)
DA:1,1
DA:4,1
DA:5,1
DA:7,1
DA:9,1
DA:10,1
DA:12,1
DA:14,1
DA:22,1
DA:23,2
DA:24,2
DA:25,2
DA:27,2
DA:37,2
DA:38,2
DA:39,2
DA:40,2
DA:41,2
DA:45,0
DA:46,0
DA:48,0
DA:50,0
DA:54,0
DA:58,0
DA:59,0
DA:61,0
DA:65,0
DA:68,0
DA:75,2
DA:86,2
DA:90,2
DA:91,2
DA:92,2
DA:93,1
DA:95,1
DA:100,2
DA:112,2
DA:113,2
DA:114,0
DA:119,2
DA:120,2
DA:124,0
DA:128,0
LF:43
LH:30
BRDA:48,0,0,0
BRDA:48,0,1,0
BRDA:54,1,0,0
BRDA:54,1,1,0
BRDA:58,2,0,0
BRDA:58,2,1,0
BRDA:58,3,0,0
BRDA:58,3,1,0
BRDA:65,4,0,0
BRDA:65,4,1,0
BRDA:92,5,0,1
BRDA:92,5,1,1
BRF:12
BRH:2
end_of_record
TN:
SF:/home/ali/exemple-jhipster/testbed/src/main/webapp/app/entities/basket/basket.component.html
FNF:0
FNH:0
DA:1,1
LF:1
LH:1
BRF:0
BRH:0
end_of_record
TN:
SF:/home/ali/exemple-jhipster/testbed/src/main/webapp/app/entities/basket/basket.component.ts
FN:19,(anonymous_0)
FN:21,(anonymous_1)
FN:22,(anonymous_2)
FN:25,(anonymous_3)
FN:30,(anonymous_4)
FN:36,(anonymous_5)
FN:41,(anonymous_6)
FN:42,(anonymous_7)
FN:45,(anonymous_8)
FNF:9
FNH:5
FNDA:1,(anonymous_0)
FNDA:1,(anonymous_1)
FNDA:1,(anonymous_2)
FNDA:1,(anonymous_3)
FNDA:0,(anonymous_4)
FNDA:0,(anonymous_5)
FNDA:1,(anonymous_6)
FNDA:0,(anonymous_7)
FNDA:0,(anonymous_8)
DA:1,1
DA:4,1
DA:5,1
DA:8,1
DA:9,1
DA:15,1
DA:19,1
DA:22,1
DA:26,1
DA:27,1
DA:31,0
DA:32,0
DA:38,0
DA:42,1
DA:46,0
DA:47,0
LF:16
LH:11
BRDA:22,0,0,1
BRDA:22,0,1,0
BRDA:31,1,0,0
BRDA:31,1,1,0
BRF:4
BRH:1
end_of_record
TN:
SF:/home/ali/exemple-jhipster/testbed/src/main/webapp/app/entities/basket/basket.service.ts
FN:16,(anonymous_0)
FN:18,(anonymous_1)
FN:22,(anonymous_2)
FN:26,(anonymous_3)
FN:30,(anonymous_4)
FN:35,(anonymous_5)
FNF:6
FNH:6
FNDA:12,(anonymous_0)
FNDA:1,(anonymous_1)
FNDA:1,(anonymous_2)
FNDA:1,(anonymous_3)
FNDA:1,(anonymous_4)
FNDA:1,(anonymous_5)
DA:1,5
DA:2,5
DA:5,5
DA:6,5
DA:13,5
DA:14,12
DA:16,12
DA:19,1
DA:23,1
DA:27,1
DA:31,1
DA:32,1
DA:36,1
LF:13
LH:13
BRF:0
BRH:0
end_of_record
TN:
SF:/home/ali/exemple-jhipster/testbed/src/main/webapp/app/entities/cooperative/cooperative-delete-dialog.component.html
FNF:0
FNH:0
DA:1,2
LF:1
LH:1
BRF:0
BRH:0
end_of_record
TN:
SF:/home/ali/exemple-jhipster/testbed/src/main/webapp/app/entities/cooperative/cooperative-delete-dialog.component.ts
FN:14,(anonymous_0)
FN:20,(anonymous_1)
FN:24,(anonymous_2)
FN:25,(anonymous_3)
FNF:4
FNH:4
FNDA:2,(anonymous_0)
FNDA:1,(anonymous_1)
FNDA:1,(anonymous_2)
FNDA:1,(anonymous_3)
DA:1,2
DA:2,2
DA:3,2
DA:6,2
DA:11,2
DA:15,2
DA:16,2
DA:17,2
DA:21,1
DA:25,1
DA:26,1
DA:27,1
LF:12
LH:12
BRF:0
BRH:0
end_of_record
TN:
SF:/home/ali/exemple-jhipster/testbed/src/main/webapp/app/entities/cooperative/cooperative-detail.component.html
FNF:0
FNH:0
DA:1,1
LF:1
LH:1
BRF:0
BRH:0
end_of_record
TN:
SF:/home/ali/exemple-jhipster/testbed/src/main/webapp/app/entities/cooperative/cooperative-detail.component.ts
FN:13,(anonymous_0)
FN:15,(anonymous_1)
FN:16,(anonymous_2)
FN:19,(anonymous_3)
FNF:4
FNH:3
FNDA:1,(anonymous_0)
FNDA:1,(anonymous_1)
FNDA:1,(anonymous_2)
FNDA:0,(anonymous_3)
DA:1,1
DA:2,1
DA:10,1
DA:11,1
DA:13,1
DA:16,1
DA:20,0
LF:7
LH:6
BRF:0
BRH:0
end_of_record
TN:
SF:/home/ali/exemple-jhipster/testbed/src/main/webapp/app/entities/cooperative/cooperative-update.component.html
FNF:0
FNH:0
DA:1,1
LF:1
LH:1
BRF:0
BRH:0
end_of_record
TN:
SF:/home/ali/exemple-jhipster/testbed/src/main/webapp/app/entities/cooperative/cooperative-update.component.ts
FN:29,(anonymous_0)
FN:36,(anonymous_1)
FN:37,(anonymous_2)
FN:40,(anonymous_3)
FN:44,(anonymous_4)
FN:54,(anonymous_5)
FN:58,(anonymous_6)
FN:68,(anonymous_7)
FN:79,(anonymous_8)
FN:81,(anonymous_9)
FN:82,(anonymous_10)
FN:86,(anonymous_11)
FN:91,(anonymous_12)
FN:95,(anonymous_13)
FN:99,(anonymous_14)
FNF:15
FNH:8
FNDA:2,(anonymous_0)
FNDA:0,(anonymous_1)
FNDA:0,(anonymous_2)
FNDA:0,(anonymous_3)
FNDA:2,(anonymous_4)
FNDA:2,(anonymous_5)
FNDA:2,(anonymous_6)
FNDA:2,(anonymous_7)
FNDA:2,(anonymous_8)
FNDA:2,(anonymous_9)
FNDA:0,(anonymous_10)
FNDA:2,(anonymous_11)
FNDA:0,(anonymous_12)
FNDA:0,(anonymous_13)
FNDA:0,(anonymous_14)
DA:1,1
DA:4,1
DA:5,1
DA:8,1
DA:9,1
DA:11,1
DA:17,1
DA:18,2
DA:19,2
DA:21,2
DA:30,2
DA:31,2
DA:32,2
DA:33,2
DA:37,0
DA:38,0
DA:40,0
DA:45,2
DA:55,2
DA:59,2
DA:60,2
DA:61,2
DA:62,1
DA:64,1
DA:69,2
DA:80,2
DA:81,2
DA:82,0
DA:87,2
DA:88,2
DA:92,0
DA:96,0
DA:100,0
DA:101,0
DA:102,0
DA:103,0
DA:107,0
LF:37
LH:26
BRDA:40,0,0,0
BRDA:40,0,1,0
BRDA:61,1,0,1
BRDA:61,1,1,1
BRDA:100,2,0,0
BRDA:100,2,1,0
BRDA:102,3,0,0
BRDA:102,3,1,0
BRF:8
BRH:2
end_of_record
TN:
SF:/home/ali/exemple-jhipster/testbed/src/main/webapp/app/entities/cooperative/cooperative.component.html
FNF:0
FNH:0
DA:1,1
LF:1
LH:1
BRF:0
BRH:0
end_of_record
TN:
SF:/home/ali/exemple-jhipster/testbed/src/main/webapp/app/entities/cooperative/cooperative.component.ts
FN:19,(anonymous_0)
FN:25,(anonymous_1)
FN:26,(anonymous_2)
FN:29,(anonymous_3)
FN:34,(anonymous_4)
FN:40,(anonymous_5)
FN:45,(anonymous_6)
FN:46,(anonymous_7)
FN:49,(anonymous_8)
FNF:9
FNH:5
FNDA:1,(anonymous_0)
FNDA:1,(anonymous_1)
FNDA:1,(anonymous_2)
FNDA:1,(anonymous_3)
FNDA:0,(anonymous_4)
FNDA:0,(anonymous_5)
FNDA:1,(anonymous_6)
FNDA:0,(anonymous_7)
FNDA:0,(anonymous_8)
DA:1,1
DA:4,1
DA:5,1
DA:8,1
DA:9,1
DA:15,1
DA:20,1
DA:21,1
DA:22,1
DA:26,1
DA:30,1
DA:31,1
DA:35,0
DA:36,0
DA:42,0
DA:46,1
DA:50,0
DA:51,0
LF:18
LH:13
BRDA:26,0,0,1
BRDA:26,0,1,0
BRDA:35,1,0,0
BRDA:35,1,1,0
BRF:4
BRH:1
end_of_record
TN:
SF:/home/ali/exemple-jhipster/testbed/src/main/webapp/app/entities/cooperative/cooperative.service.ts
FN:16,(anonymous_0)
FN:18,(anonymous_1)
FN:22,(anonymous_2)
FN:26,(anonymous_3)
FN:30,(anonymous_4)
FN:35,(anonymous_5)
FNF:6
FNH:6
FNDA:10,(anonymous_0)
FNDA:1,(anonymous_1)
FNDA:1,(anonymous_2)
FNDA:1,(anonymous_3)
FNDA:1,(anonymous_4)
FNDA:1,(anonymous_5)
DA:1,4
DA:2,4
DA:5,4
DA:6,4
DA:13,4
DA:14,10
DA:16,10
DA:19,1
DA:23,1
DA:27,1
DA:31,1
DA:32,1
DA:36,1
LF:13
LH:13
BRF:0
BRH:0
end_of_record
TN:
SF:/home/ali/exemple-jhipster/testbed/src/main/webapp/app/entities/course/course-delete-dialog.component.html
FNF:0
FNH:0
DA:1,2
LF:1
LH:1
BRF:0
BRH:0
end_of_record
TN:
SF:/home/ali/exemple-jhipster/testbed/src/main/webapp/app/entities/course/course-delete-dialog.component.ts
FN:14,(anonymous_0)
FN:16,(anonymous_1)
FN:20,(anonymous_2)
FN:21,(anonymous_3)
FNF:4
FNH:4
FNDA:2,(anonymous_0)
FNDA:1,(anonymous_1)
FNDA:1,(anonymous_2)
FNDA:1,(anonymous_3)
DA:1,2
DA:2,2
DA:3,2
DA:6,2
DA:11,2
DA:14,2
DA:17,1
DA:21,1
DA:22,1
DA:23,1
LF:10
LH:10
BRF:0
BRH:0
end_of_record
TN:
SF:/home/ali/exemple-jhipster/testbed/src/main/webapp/app/entities/course/course-detail.component.html
FNF:0
FNH:0
DA:1,1
LF:1
LH:1
BRF:0
BRH:0
end_of_record
TN:
SF:/home/ali/exemple-jhipster/testbed/src/main/webapp/app/entities/course/course-detail.component.ts
FN:13,(anonymous_0)
FN:15,(anonymous_1)
FN:16,(anonymous_2)
FN:19,(anonymous_3)
FNF:4
FNH:3
FNDA:1,(anonymous_0)
FNDA:1,(anonymous_1)
FNDA:1,(anonymous_2)
FNDA:0,(anonymous_3)
DA:1,1
DA:2,1
DA:10,1
DA:11,1
DA:13,1
DA:16,1
DA:20,0
LF:7
LH:6
BRF:0
BRH:0
end_of_record
TN:
SF:/home/ali/exemple-jhipster/testbed/src/main/webapp/app/entities/course/course-update.component.html
FNF:0
FNH:0
DA:1,1
LF:1
LH:1
BRF:0
BRH:0
end_of_record
TN:
SF:/home/ali/exemple-jhipster/testbed/src/main/webapp/app/entities/course/course-update.component.ts
FN:30,(anonymous_0)
FN:37,(anonymous_1)
FN:38,(anonymous_2)
FN:46,(anonymous_3)
FN:50,(anonymous_4)
FN:59,(anonymous_5)
FN:63,(anonymous_6)
FN:73,(anonymous_7)
FN:85,(anonymous_8)
FN:87,(anonymous_9)
FN:88,(anonymous_10)
FN:92,(anonymous_11)
FN:97,(anonymous_12)
FN:101,(anonymous_13)
FNF:14
FNH:8
FNDA:2,(anonymous_0)
FNDA:0,(anonymous_1)
FNDA:0,(anonymous_2)
FNDA:0,(anonymous_3)
FNDA:2,(anonymous_4)
FNDA:2,(anonymous_5)
FNDA:2,(anonymous_6)
FNDA:2,(anonymous_7)
FNDA:2,(anonymous_8)
FNDA:2,(anonymous_9)
FNDA:0,(anonymous_10)
FNDA:2,(anonymous_11)
FNDA:0,(anonymous_12)
FNDA:0,(anonymous_13)
DA:1,1
DA:4,1
DA:5,1
DA:7,1
DA:8,1
DA:10,1
DA:11,1
DA:13,1
DA:19,1
DA:20,2
DA:21,2
DA:23,2
DA:31,2
DA:32,2
DA:33,2
DA:34,2
DA:38,0
DA:39,0
DA:40,0
DA:41,0
DA:44,0
DA:46,0
DA:51,2
DA:60,2
DA:64,2
DA:65,2
DA:66,2
DA:67,1
DA:69,1
DA:74,2
DA:86,2
DA:87,2
DA:88,0
DA:93,2
DA:94,2
DA:98,0
DA:102,0
LF:37
LH:28
BRDA:39,0,0,0
BRDA:39,0,1,0
BRDA:46,1,0,0
BRDA:46,1,1,0
BRDA:54,2,0,0
BRDA:54,2,1,2
BRDA:66,3,0,1
BRDA:66,3,1,1
BRDA:79,4,0,0
BRDA:79,4,1,2
BRF:10
BRH:4
end_of_record
TN:
SF:/home/ali/exemple-jhipster/testbed/src/main/webapp/app/entities/course/course.component.html
FNF:0
FNH:0
DA:1,1
LF:1
LH:1
BRF:0
BRH:0
end_of_record
TN:
SF:/home/ali/exemple-jhipster/testbed/src/main/webapp/app/entities/course/course.component.ts
FN:19,(anonymous_0)
FN:21,(anonymous_1)
FN:22,(anonymous_2)
FN:25,(anonymous_3)
FN:30,(anonymous_4)
FN:36,(anonymous_5)
FN:41,(anonymous_6)
FN:42,(anonymous_7)
FN:45,(anonymous_8)
FNF:9
FNH:5
FNDA:1,(anonymous_0)
FNDA:1,(anonymous_1)
FNDA:1,(anonymous_2)
FNDA:1,(anonymous_3)
FNDA:0,(anonymous_4)
FNDA:0,(anonymous_5)
FNDA:1,(anonymous_6)
FNDA:0,(anonymous_7)
FNDA:0,(anonymous_8)
DA:1,1
DA:4,1
DA:5,1
DA:8,1
DA:9,1
DA:15,1
DA:19,1
DA:22,1
DA:26,1
DA:27,1
DA:31,0
DA:32,0
DA:38,0
DA:42,1
DA:46,0
DA:47,0
LF:16
LH:11
BRDA:22,0,0,1
BRDA:22,0,1,0
BRDA:31,1,0,0
BRDA:31,1,1,0
BRF:4
BRH:1
end_of_record
TN:
SF:/home/ali/exemple-jhipster/testbed/src/main/webapp/app/entities/course/course.service.ts
FN:18,(anonymous_0)
FN:20,(anonymous_1)
FN:24,(anonymous_2)
FN:27,(anonymous_3)
FN:31,(anonymous_4)
FN:34,(anonymous_5)
FN:37,(anonymous_6)
FN:40,(anonymous_7)
FN:44,(anonymous_8)
FN:47,(anonymous_9)
FN:51,(anonymous_10)
FN:58,(anonymous_11)
FN:65,(anonymous_12)
FN:67,(anonymous_13)
FNF:14
FNH:14
FNDA:12,(anonymous_0)
FNDA:1,(anonymous_1)
FNDA:1,(anonymous_2)
FNDA:1,(anonymous_3)
FNDA:1,(anonymous_4)
FNDA:1,(anonymous_5)
FNDA:1,(anonymous_6)
FNDA:1,(anonymous_7)
FNDA:1,(anonymous_8)
FNDA:1,(anonymous_9)
FNDA:2,(anonymous_10)
FNDA:3,(anonymous_11)
FNDA:1,(anonymous_12)
FNDA:1,(anonymous_13)
DA:1,5
DA:2,5
DA:4,5
DA:5,5
DA:7,5
DA:8,5
DA:15,5
DA:16,12
DA:18,12
DA:21,1
DA:22,1
DA:24,1
DA:28,1
DA:29,1
DA:31,1
DA:35,1
DA:37,1
DA:41,1
DA:42,1
DA:44,1
DA:48,1
DA:52,2
DA:55,2
DA:59,3
DA:60,3
DA:62,3
DA:66,1
DA:67,1
DA:68,1
DA:71,1
LF:30
LH:30
BRDA:53,0,0,1
BRDA:53,0,1,1
BRDA:53,1,0,2
BRDA:53,1,1,1
BRDA:59,2,0,3
BRDA:59,2,1,0
BRDA:60,3,0,3
BRDA:60,3,1,0
BRDA:66,4,0,1
BRDA:66,4,1,0
BRDA:68,5,0,1
BRDA:68,5,1,0
BRF:12
BRH:8
end_of_record
TN:
SF:/home/ali/exemple-jhipster/testbed/src/main/webapp/app/entities/order/order-delete-dialog.component.html
FNF:0
FNH:0
DA:1,2
LF:1
LH:1
BRF:0
BRH:0
end_of_record
TN:
SF:/home/ali/exemple-jhipster/testbed/src/main/webapp/app/entities/order/order-delete-dialog.component.ts
FN:14,(anonymous_0)
FN:16,(anonymous_1)
FN:20,(anonymous_2)
FN:21,(anonymous_3)
FNF:4
FNH:4
FNDA:2,(anonymous_0)
FNDA:1,(anonymous_1)
FNDA:1,(anonymous_2)
FNDA:1,(anonymous_3)
DA:1,2
DA:2,2
DA:3,2
DA:6,2
DA:11,2
DA:14,2
DA:17,1
DA:21,1
DA:22,1
DA:23,1
LF:10
LH:10
BRF:0
BRH:0
end_of_record
TN:
SF:/home/ali/exemple-jhipster/testbed/src/main/webapp/app/entities/order/order-detail.component.html
FNF:0
FNH:0
DA:1,1
LF:1
LH:1
BRF:0
BRH:0
end_of_record
TN:
SF:/home/ali/exemple-jhipster/testbed/src/main/webapp/app/entities/order/order-detail.component.ts
FN:13,(anonymous_0)
FN:15,(anonymous_1)
FN:16,(anonymous_2)
FN:19,(anonymous_3)
FNF:4
FNH:3
FNDA:1,(anonymous_0)
FNDA:1,(anonymous_1)
FNDA:1,(anonymous_2)
FNDA:0,(anonymous_3)
DA:1,1
DA:2,1
DA:10,1
DA:11,1
DA:13,1
DA:16,1
DA:20,0
LF:7
LH:6
BRF:0
BRH:0
end_of_record
TN:
SF:/home/ali/exemple-jhipster/testbed/src/main/webapp/app/entities/order/order-update.component.html
FNF:0
FNH:0
DA:1,1
LF:1
LH:1
BRF:0
BRH:0
end_of_record
TN:
SF:/home/ali/exemple-jhipster/testbed/src/main/webapp/app/entities/order/order-update.component.ts
FN:23,(anonymous_0)
FN:25,(anonymous_1)
FN:26,(anonymous_2)
FN:31,(anonymous_3)
FN:38,(anonymous_4)
FN:42,(anonymous_5)
FN:52,(anonymous_6)
FN:60,(anonymous_7)
FN:62,(anonymous_8)
FN:63,(anonymous_9)
FN:67,(anonymous_10)
FN:72,(anonymous_11)
FNF:12
FNH:8
FNDA:2,(anonymous_0)
FNDA:0,(anonymous_1)
FNDA:0,(anonymous_2)
FNDA:2,(anonymous_3)
FNDA:2,(anonymous_4)
FNDA:2,(anonymous_5)
FNDA:2,(anonymous_6)
FNDA:2,(anonymous_7)
FNDA:2,(anonymous_8)
FNDA:0,(anonymous_9)
FNDA:2,(anonymous_10)
FNDA:0,(anonymous_11)
DA:1,1
DA:4,1
DA:5,1
DA:8,1
DA:9,1
DA:15,1
DA:16,2
DA:18,2
DA:23,2
DA:26,0
DA:27,0
DA:32,2
DA:39,2
DA:43,2
DA:44,2
DA:45,2
DA:46,1
DA:48,1
DA:53,2
DA:61,2
DA:62,2
DA:63,0
DA:68,2
DA:69,2
DA:73,0
LF:25
LH:21
BRDA:45,0,0,1
BRDA:45,0,1,1
BRF:2
BRH:2
end_of_record
TN:
SF:/home/ali/exemple-jhipster/testbed/src/main/webapp/app/entities/order/order.component.html
FNF:0
FNH:0
DA:1,1
LF:1
LH:1
BRF:0
BRH:0
end_of_record
TN:
SF:/home/ali/exemple-jhipster/testbed/src/main/webapp/app/entities/order/order.component.ts
FN:19,(anonymous_0)
FN:21,(anonymous_1)
FN:22,(anonymous_2)
FN:25,(anonymous_3)
FN:30,(anonymous_4)
FN:36,(anonymous_5)
FN:41,(anonymous_6)
FN:42,(anonymous_7)
FN:45,(anonymous_8)
FNF:9
FNH:5
FNDA:1,(anonymous_0)
FNDA:1,(anonymous_1)
FNDA:1,(anonymous_2)
FNDA:1,(anonymous_3)
FNDA:0,(anonymous_4)
FNDA:0,(anonymous_5)
FNDA:1,(anonymous_6)
FNDA:0,(anonymous_7)
FNDA:0,(anonymous_8)
DA:1,1
DA:4,1
DA:5,1
DA:8,1
DA:9,1
DA:15,1
DA:19,1
DA:22,1
DA:26,1
DA:27,1
DA:31,0
DA:32,0
DA:38,0
DA:42,1
DA:46,0
DA:47,0
LF:16
LH:11
BRDA:22,0,0,1
BRDA:22,0,1,0
BRDA:31,1,0,0
BRDA:31,1,1,0
BRF:4
BRH:1
end_of_record
TN:
SF:/home/ali/exemple-jhipster/testbed/src/main/webapp/app/entities/order/order.service.ts
FN:16,(anonymous_0)
FN:18,(anonymous_1)
FN:22,(anonymous_2)
FN:26,(anonymous_3)
FN:30,(anonymous_4)
FN:35,(anonymous_5)
FNF:6
FNH:6
FNDA:10,(anonymous_0)
FNDA:1,(anonymous_1)
FNDA:1,(anonymous_2)
FNDA:1,(anonymous_3)
FNDA:1,(anonymous_4)
FNDA:1,(anonymous_5)
DA:1,4
DA:2,4
DA:5,4
DA:6,4
DA:13,4
DA:14,10
DA:16,10
DA:19,1
DA:23,1
DA:27,1
DA:31,1
DA:32,1
DA:36,1
LF:13
LH:13
BRF:0
BRH:0
end_of_record
TN:
SF:/home/ali/exemple-jhipster/testbed/src/main/webapp/app/entities/payment/payment-delete-dialog.component.html
FNF:0
FNH:0
DA:1,2
LF:1
LH:1
BRF:0
BRH:0
end_of_record
TN:
SF:/home/ali/exemple-jhipster/testbed/src/main/webapp/app/entities/payment/payment-delete-dialog.component.ts
FN:14,(anonymous_0)
FN:16,(anonymous_1)
FN:20,(anonymous_2)
FN:21,(anonymous_3)
FNF:4
FNH:4
FNDA:2,(anonymous_0)
FNDA:1,(anonymous_1)
FNDA:1,(anonymous_2)
FNDA:1,(anonymous_3)
DA:1,2
DA:2,2
DA:3,2
DA:6,2
DA:11,2
DA:14,2
DA:17,1
DA:21,1
DA:22,1
DA:23,1
LF:10
LH:10
BRF:0
BRH:0
end_of_record
TN:
SF:/home/ali/exemple-jhipster/testbed/src/main/webapp/app/entities/payment/payment-detail.component.html
FNF:0
FNH:0
DA:1,1
LF:1
LH:1
BRF:0
BRH:0
end_of_record
TN:
SF:/home/ali/exemple-jhipster/testbed/src/main/webapp/app/entities/payment/payment-detail.component.ts
FN:13,(anonymous_0)
FN:15,(anonymous_1)
FN:16,(anonymous_2)
FN:19,(anonymous_3)
FNF:4
FNH:3
FNDA:1,(anonymous_0)
FNDA:1,(anonymous_1)
FNDA:1,(anonymous_2)
FNDA:0,(anonymous_3)
DA:1,1
DA:2,1
DA:10,1
DA:11,1
DA:13,1
DA:16,1
DA:20,0
LF:7
LH:6
BRF:0
BRH:0
end_of_record
TN:
SF:/home/ali/exemple-jhipster/testbed/src/main/webapp/app/entities/payment/payment-update.component.html
FNF:0
FNH:0
DA:1,1
LF:1
LH:1
BRF:0
BRH:0
end_of_record
TN:
SF:/home/ali/exemple-jhipster/testbed/src/main/webapp/app/entities/payment/payment-update.component.ts
FN:23,(anonymous_0)
FN:25,(anonymous_1)
FN:26,(anonymous_2)
FN:31,(anonymous_3)
FN:38,(anonymous_4)
FN:42,(anonymous_5)
FN:52,(anonymous_6)
FN:60,(anonymous_7)
FN:62,(anonymous_8)
FN:63,(anonymous_9)
FN:67,(anonymous_10)
FN:72,(anonymous_11)
FNF:12
FNH:8
FNDA:2,(anonymous_0)
FNDA:0,(anonymous_1)
FNDA:0,(anonymous_2)
FNDA:2,(anonymous_3)
FNDA:2,(anonymous_4)
FNDA:2,(anonymous_5)
FNDA:2,(anonymous_6)
FNDA:2,(anonymous_7)
FNDA:2,(anonymous_8)
FNDA:0,(anonymous_9)
FNDA:2,(anonymous_10)
FNDA:0,(anonymous_11)
DA:1,1
DA:4,1
DA:5,1
DA:8,1
DA:9,1
DA:15,1
DA:16,2
DA:18,2
DA:23,2
DA:26,0
DA:27,0
DA:32,2
DA:39,2
DA:43,2
DA:44,2
DA:45,2
DA:46,1
DA:48,1
DA:53,2
DA:61,2
DA:62,2
DA:63,0
DA:68,2
DA:69,2
DA:73,0
LF:25
LH:21
BRDA:45,0,0,1
BRDA:45,0,1,1
BRF:2
BRH:2
end_of_record
TN:
SF:/home/ali/exemple-jhipster/testbed/src/main/webapp/app/entities/payment/payment.component.html
FNF:0
FNH:0
DA:1,1
LF:1
LH:1
BRF:0
BRH:0
end_of_record
TN:
SF:/home/ali/exemple-jhipster/testbed/src/main/webapp/app/entities/payment/payment.component.ts
FN:19,(anonymous_0)
FN:21,(anonymous_1)
FN:22,(anonymous_2)
FN:25,(anonymous_3)
FN:30,(anonymous_4)
FN:36,(anonymous_5)
FN:41,(anonymous_6)
FN:42,(anonymous_7)
FN:45,(anonymous_8)
FNF:9
FNH:5
FNDA:1,(anonymous_0)
FNDA:1,(anonymous_1)
FNDA:1,(anonymous_2)
FNDA:1,(anonymous_3)
FNDA:0,(anonymous_4)
FNDA:0,(anonymous_5)
FNDA:1,(anonymous_6)
FNDA:0,(anonymous_7)
FNDA:0,(anonymous_8)
DA:1,1
DA:4,1
DA:5,1
DA:8,1
DA:9,1
DA:15,1
DA:19,1
DA:22,1
DA:26,1
DA:27,1
DA:31,0
DA:32,0
DA:38,0
DA:42,1
DA:46,0
DA:47,0
LF:16
LH:11
BRDA:22,0,0,1
BRDA:22,0,1,0
BRDA:31,1,0,0
BRDA:31,1,1,0
BRF:4
BRH:1
end_of_record
TN:
SF:/home/ali/exemple-jhipster/testbed/src/main/webapp/app/entities/payment/payment.service.ts
FN:16,(anonymous_0)
FN:18,(anonymous_1)
FN:22,(anonymous_2)
FN:26,(anonymous_3)
FN:30,(anonymous_4)
FN:35,(anonymous_5)
FNF:6
FNH:6
FNDA:10,(anonymous_0)
FNDA:1,(anonymous_1)
FNDA:1,(anonymous_2)
FNDA:1,(anonymous_3)
FNDA:1,(anonymous_4)
FNDA:1,(anonymous_5)
DA:1,4
DA:2,4
DA:5,4
DA:6,4
DA:13,4
DA:14,10
DA:16,10
DA:19,1
DA:23,1
DA:27,1
DA:31,1
DA:32,1
DA:36,1
LF:13
LH:13
BRF:0
BRH:0
end_of_record
TN:
SF:/home/ali/exemple-jhipster/testbed/src/main/webapp/app/entities/product/product-delete-dialog.component.html
FNF:0
FNH:0
DA:1,2
LF:1
LH:1
BRF:0
BRH:0
end_of_record
TN:
SF:/home/ali/exemple-jhipster/testbed/src/main/webapp/app/entities/product/product-delete-dialog.component.ts
FN:14,(anonymous_0)
FN:16,(anonymous_1)
FN:20,(anonymous_2)
FN:21,(anonymous_3)
FNF:4
FNH:4
FNDA:2,(anonymous_0)
FNDA:1,(anonymous_1)
FNDA:1,(anonymous_2)
FNDA:1,(anonymous_3)
DA:1,2
DA:2,2
DA:3,2
DA:6,2
DA:11,2
DA:14,2
DA:17,1
DA:21,1
DA:22,1
DA:23,1
LF:10
LH:10
BRF:0
BRH:0
end_of_record
TN:
SF:/home/ali/exemple-jhipster/testbed/src/main/webapp/app/entities/product/product-detail.component.html
FNF:0
FNH:0
DA:1,1
LF:1
LH:1
BRF:0
BRH:0
end_of_record
TN:
SF:/home/ali/exemple-jhipster/testbed/src/main/webapp/app/entities/product/product-detail.component.ts
FN:13,(anonymous_0)
FN:15,(anonymous_1)
FN:16,(anonymous_2)
FN:19,(anonymous_3)
FNF:4
FNH:3
FNDA:1,(anonymous_0)
FNDA:1,(anonymous_1)
FNDA:1,(anonymous_2)
FNDA:0,(anonymous_3)
DA:1,1
DA:2,1
DA:10,1
DA:11,1
DA:13,1
DA:16,1
DA:20,0
LF:7
LH:6
BRF:0
BRH:0
end_of_record
TN:
SF:/home/ali/exemple-jhipster/testbed/src/main/webapp/app/entities/product/product-update.component.html
FNF:0
FNH:0
DA:1,1
LF:1
LH:1
BRF:0
BRH:0
end_of_record
TN:
SF:/home/ali/exemple-jhipster/testbed/src/main/webapp/app/entities/product/product-update.component.ts
FN:35,(anonymous_0)
FN:43,(anonymous_1)
FN:44,(anonymous_2)
FN:47,(anonymous_3)
FN:49,(anonymous_4)
FN:53,(anonymous_5)
FN:64,(anonymous_6)
FN:68,(anonymous_7)
FN:78,(anonymous_8)
FN:90,(anonymous_9)
FN:92,(anonymous_10)
FN:93,(anonymous_11)
FN:97,(anonymous_12)
FN:102,(anonymous_13)
FN:106,(anonymous_14)
FNF:15
FNH:8
FNDA:2,(anonymous_0)
FNDA:0,(anonymous_1)
FNDA:0,(anonymous_2)
FNDA:0,(anonymous_3)
FNDA:0,(anonymous_4)
FNDA:2,(anonymous_5)
FNDA:2,(anonymous_6)
FNDA:2,(anonymous_7)
FNDA:2,(anonymous_8)
FNDA:2,(anonymous_9)
FNDA:2,(anonymous_10)
FNDA:0,(anonymous_11)
FNDA:2,(anonymous_12)
FNDA:0,(anonymous_13)
FNDA:0,(anonymous_14)
DA:1,1
DA:4,1
DA:5,1
DA:8,1
DA:9,1
DA:11,1
DA:13,1
DA:21,1
DA:22,2
DA:23,2
DA:24,2
DA:26,2
DA:36,2
DA:37,2
DA:38,2
DA:39,2
DA:40,2
DA:44,0
DA:45,0
DA:47,0
DA:49,0
DA:54,2
DA:65,2
DA:69,2
DA:70,2
DA:71,2
DA:72,1
DA:74,1
DA:79,2
DA:91,2
DA:92,2
DA:93,0
DA:98,2
DA:99,2
DA:103,0
DA:107,0
LF:36
LH:29
BRDA:47,0,0,0
BRDA:47,0,1,0
BRDA:49,1,0,0
BRDA:49,1,1,0
BRDA:71,2,0,1
BRDA:71,2,1,1
BRF:6
BRH:2
end_of_record
TN:
SF:/home/ali/exemple-jhipster/testbed/src/main/webapp/app/entities/product/product.component.html
FNF:0
FNH:0
DA:1,1
LF:1
LH:1
BRF:0
BRH:0
end_of_record
TN:
SF:/home/ali/exemple-jhipster/testbed/src/main/webapp/app/entities/product/product.component.ts
FN:19,(anonymous_0)
FN:21,(anonymous_1)
FN:22,(anonymous_2)
FN:25,(anonymous_3)
FN:30,(anonymous_4)
FN:36,(anonymous_5)
FN:41,(anonymous_6)
FN:42,(anonymous_7)
FN:45,(anonymous_8)
FNF:9
FNH:5
FNDA:1,(anonymous_0)
FNDA:1,(anonymous_1)
FNDA:1,(anonymous_2)
FNDA:1,(anonymous_3)
FNDA:0,(anonymous_4)
FNDA:0,(anonymous_5)
FNDA:1,(anonymous_6)
FNDA:0,(anonymous_7)
FNDA:0,(anonymous_8)
DA:1,1
DA:4,1
DA:5,1
DA:8,1
DA:9,1
DA:15,1
DA:19,1
DA:22,1
DA:26,1
DA:27,1
DA:31,0
DA:32,0
DA:38,0
DA:42,1
DA:46,0
DA:47,0
LF:16
LH:11
BRDA:22,0,0,1
BRDA:22,0,1,0
BRDA:31,1,0,0
BRDA:31,1,1,0
BRF:4
BRH:1
end_of_record
TN:
SF:/home/ali/exemple-jhipster/testbed/src/main/webapp/app/entities/product/product.service.ts
FN:16,(anonymous_0)
FN:18,(anonymous_1)
FN:22,(anonymous_2)
FN:26,(anonymous_3)
FN:30,(anonymous_4)
FN:35,(anonymous_5)
FNF:6
FNH:6
FNDA:10,(anonymous_0)
FNDA:1,(anonymous_1)
FNDA:1,(anonymous_2)
FNDA:1,(anonymous_3)
FNDA:1,(anonymous_4)
FNDA:1,(anonymous_5)
DA:1,4
DA:2,4
DA:5,4
DA:6,4
DA:13,4
DA:14,10
DA:16,10
DA:19,1
DA:23,1
DA:27,1
DA:31,1
DA:32,1
DA:36,1
LF:13
LH:13
BRF:0
BRH:0
end_of_record
TN:
SF:/home/ali/exemple-jhipster/testbed/src/main/webapp/app/entities/restaurant/restaurant-delete-dialog.component.html
FNF:0
FNH:0
DA:1,2
LF:1
LH:1
BRF:0
BRH:0
end_of_record
TN:
SF:/home/ali/exemple-jhipster/testbed/src/main/webapp/app/entities/restaurant/restaurant-delete-dialog.component.ts
FN:14,(anonymous_0)
FN:20,(anonymous_1)
FN:24,(anonymous_2)
FN:25,(anonymous_3)
FNF:4
FNH:4
FNDA:2,(anonymous_0)
FNDA:1,(anonymous_1)
FNDA:1,(anonymous_2)
FNDA:1,(anonymous_3)
DA:1,2
DA:2,2
DA:3,2
DA:6,2
DA:11,2
DA:15,2
DA:16,2
DA:17,2
DA:21,1
DA:25,1
DA:26,1
DA:27,1
LF:12
LH:12
BRF:0
BRH:0
end_of_record
TN:
SF:/home/ali/exemple-jhipster/testbed/src/main/webapp/app/entities/restaurant/restaurant-detail.component.html
FNF:0
FNH:0
DA:1,1
LF:1
LH:1
BRF:0
BRH:0
end_of_record
TN:
SF:/home/ali/exemple-jhipster/testbed/src/main/webapp/app/entities/restaurant/restaurant-detail.component.ts
FN:13,(anonymous_0)
FN:15,(anonymous_1)
FN:16,(anonymous_2)
FN:19,(anonymous_3)
FNF:4
FNH:3
FNDA:1,(anonymous_0)
FNDA:1,(anonymous_1)
FNDA:1,(anonymous_2)
FNDA:0,(anonymous_3)
DA:1,1
DA:2,1
DA:10,1
DA:11,1
DA:13,1
DA:16,1
DA:20,0
LF:7
LH:6
BRF:0
BRH:0
end_of_record
TN:
SF:/home/ali/exemple-jhipster/testbed/src/main/webapp/app/entities/restaurant/restaurant-update.component.html
FNF:0
FNH:0
DA:1,1
LF:1
LH:1
BRF:0
BRH:0
end_of_record
TN:
SF:/home/ali/exemple-jhipster/testbed/src/main/webapp/app/entities/restaurant/restaurant-update.component.ts
FN:25,(anonymous_0)
FN:27,(anonymous_1)
FN:28,(anonymous_2)
FN:33,(anonymous_3)
FN:42,(anonymous_4)
FN:46,(anonymous_5)
FN:56,(anonymous_6)
FN:66,(anonymous_7)
FN:68,(anonymous_8)
FN:69,(anonymous_9)
FN:73,(anonymous_10)
FN:78,(anonymous_11)
FNF:12
FNH:8
FNDA:2,(anonymous_0)
FNDA:0,(anonymous_1)
FNDA:0,(anonymous_2)
FNDA:2,(anonymous_3)
FNDA:2,(anonymous_4)
FNDA:2,(anonymous_5)
FNDA:2,(anonymous_6)
FNDA:2,(anonymous_7)
FNDA:2,(anonymous_8)
FNDA:0,(anonymous_9)
FNDA:2,(anonymous_10)
FNDA:0,(anonymous_11)
DA:1,1
DA:4,1
DA:5,1
DA:8,1
DA:9,1
DA:15,1
DA:16,2
DA:18,2
DA:25,2
DA:28,0
DA:29,0
DA:34,2
DA:43,2
DA:47,2
DA:48,2
DA:49,2
DA:50,1
DA:52,1
DA:57,2
DA:67,2
DA:68,2
DA:69,0
DA:74,2
DA:75,2
DA:79,0
LF:25
LH:21
BRDA:49,0,0,1
BRDA:49,0,1,1
BRF:2
BRH:2
end_of_record
TN:
SF:/home/ali/exemple-jhipster/testbed/src/main/webapp/app/entities/restaurant/restaurant.component.html
FNF:0
FNH:0
DA:1,1
LF:1
LH:1
BRF:0
BRH:0
end_of_record
TN:
SF:/home/ali/exemple-jhipster/testbed/src/main/webapp/app/entities/restaurant/restaurant.component.ts
FN:19,(anonymous_0)
FN:21,(anonymous_1)
FN:22,(anonymous_2)
FN:25,(anonymous_3)
FN:30,(anonymous_4)
FN:36,(anonymous_5)
FN:41,(anonymous_6)
FN:42,(anonymous_7)
FN:45,(anonymous_8)
FNF:9
FNH:5
FNDA:1,(anonymous_0)
FNDA:1,(anonymous_1)
FNDA:1,(anonymous_2)
FNDA:1,(anonymous_3)
FNDA:0,(anonymous_4)
FNDA:0,(anonymous_5)
FNDA:1,(anonymous_6)
FNDA:0,(anonymous_7)
FNDA:0,(anonymous_8)
DA:1,1
DA:4,1
DA:5,1
DA:8,1
DA:9,1
DA:15,1
DA:19,1
DA:22,1
DA:26,1
DA:27,1
DA:31,0
DA:32,0
DA:38,0
DA:42,1
DA:46,0
DA:47,0
LF:16
LH:11
BRDA:22,0,0,1
BRDA:22,0,1,0
BRDA:31,1,0,0
BRDA:31,1,1,0
BRF:4
BRH:1
end_of_record
TN:
SF:/home/ali/exemple-jhipster/testbed/src/main/webapp/app/entities/restaurant/restaurant.service.ts
FN:16,(anonymous_0)
FN:18,(anonymous_1)
FN:22,(anonymous_2)
FN:26,(anonymous_3)
FN:30,(anonymous_4)
FN:35,(anonymous_5)
FNF:6
FNH:6
FNDA:16,(anonymous_0)
FNDA:1,(anonymous_1)
FNDA:1,(anonymous_2)
FNDA:1,(anonymous_3)
FNDA:1,(anonymous_4)
FNDA:1,(anonymous_5)
DA:1,7
DA:2,7
DA:5,7
DA:6,7
DA:13,7
DA:14,16
DA:16,16
DA:19,1
DA:23,1
DA:27,1
DA:31,1
DA:32,1
DA:36,1
LF:13
LH:13
BRF:0
BRH:0
end_of_record
TN:
SF:/home/ali/exemple-jhipster/testbed/src/main/webapp/app/layouts/main/main.component.html
FNF:0
FNH:0
DA:1,1
LF:1
LH:1
BRF:0
BRH:0
end_of_record
TN:
SF:/home/ali/exemple-jhipster/testbed/src/main/webapp/app/layouts/main/main.component.ts
FN:15,(anonymous_0)
FN:25,(anonymous_1)
FN:29,(anonymous_2)
FN:38,(anonymous_3)
FN:45,(anonymous_4)
FN:53,(anonymous_5)
FN:58,(anonymous_6)
FNF:7
FNH:7
FNDA:10,(anonymous_0)
FNDA:10,(anonymous_1)
FNDA:15,(anonymous_2)
FNDA:5,(anonymous_3)
FNDA:29,(anonymous_4)
FNDA:20,(anonymous_5)
FNDA:20,(anonymous_6)
DA:1,1
DA:2,1
DA:3,1
DA:4,1
DA:6,1
DA:12,1
DA:16,10
DA:17,10
DA:18,10
DA:19,10
DA:22,10
DA:27,10
DA:29,10
DA:30,15
DA:31,15
DA:33,15
DA:34,0
DA:38,10
DA:39,5
DA:41,5
DA:46,29
DA:47,29
DA:48,9
DA:50,29
DA:54,20
DA:55,20
DA:56,6
DA:58,20
LF:28
LH:27
BRDA:30,0,0,15
BRDA:30,0,1,0
BRDA:33,1,0,0
BRDA:33,1,1,15
BRDA:33,2,0,15
BRDA:33,2,1,0
BRDA:46,3,0,18
BRDA:46,3,1,11
BRDA:46,4,0,29
BRDA:46,4,1,21
BRDA:47,5,0,9
BRDA:47,5,1,20
BRDA:48,6,0,9
BRDA:48,6,1,5
BRDA:55,7,0,6
BRDA:55,7,1,14
BRF:16
BRH:13
end_of_record
TN:
SF:/home/ali/exemple-jhipster/testbed/src/main/webapp/app/shared/alert/alert-error.component.ts
FN:26,(anonymous_0)
FN:27,(anonymous_1)
FN:32,(anonymous_2)
FN:44,(anonymous_3)
FN:87,(anonymous_4)
FN:95,(anonymous_5)
FN:104,(anonymous_6)
FNF:7
FNH:5
FNDA:7,(anonymous_0)
FNDA:0,(anonymous_1)
FNDA:8,(anonymous_2)
FNDA:2,(anonymous_3)
FNDA:0,(anonymous_4)
FNDA:6,(anonymous_5)
FNDA:8,(anonymous_6)
DA:1,1
DA:3,1
DA:4,1
DA:21,1
DA:22,7
DA:26,7
DA:27,7
DA:28,0
DA:29,0
DA:32,7
DA:33,8
DA:34,8
DA:37,1
DA:38,1
DA:41,4
DA:42,4
DA:43,4
DA:44,4
DA:45,2
DA:46,1
DA:47,1
DA:48,1
DA:51,4
DA:52,1
DA:53,1
DA:54,3
DA:55,1
DA:56,1
DA:57,1
DA:58,1
DA:61,1
DA:62,1
DA:63,1
DA:65,2
DA:66,1
DA:68,1
DA:70,4
DA:74,1
DA:75,1
DA:78,2
DA:79,1
DA:81,1
DA:88,0
DA:89,0
DA:90,0
DA:92,0
DA:96,6
DA:97,6
DA:99,6
DA:100,6
DA:105,8
DA:107,8
DA:116,8
LF:53
LH:47
BRDA:36,0,0,1
BRDA:36,0,1,4
BRDA:36,0,2,1
BRDA:36,0,3,2
BRDA:45,1,0,1
BRDA:45,1,1,1
BRDA:47,2,0,1
BRDA:47,2,1,0
BRDA:51,3,0,1
BRDA:51,3,1,3
BRDA:54,4,0,1
BRDA:54,4,1,2
BRDA:54,5,0,3
BRDA:54,5,1,3
BRDA:57,6,0,1
BRDA:57,6,1,0
BRDA:65,7,0,1
BRDA:65,7,1,1
BRDA:65,8,0,2
BRDA:65,8,1,2
BRDA:78,9,0,1
BRDA:78,9,1,1
BRDA:78,10,0,2
BRDA:78,10,1,2
BRDA:89,11,0,0
BRDA:89,11,1,0
BRDA:96,12,0,6
BRDA:96,12,1,0
BRDA:99,13,0,6
BRDA:99,13,1,0
BRDA:105,14,0,5
BRDA:105,14,1,3
BRDA:105,15,0,8
BRDA:105,15,1,5
BRF:34
BRH:28
end_of_record
TN:
SF:/home/ali/exemple-jhipster/testbed/src/main/webapp/app/shared/constants/authority.constants.ts
FN:1,(anonymous_0)
FNF:1
FNH:1
FNDA:4,(anonymous_0)
DA:1,4
DA:2,4
DA:3,4
LF:3
LH:3
BRDA:1,0,0,4
BRDA:1,0,1,4
BRF:2
BRH:2
end_of_record
TN:
SF:/home/ali/exemple-jhipster/testbed/src/main/webapp/app/shared/constants/error.constants.ts
FNF:0
FNH:0
DA:1,1
DA:2,1
DA:3,1
LF:3
LH:3
BRF:0
BRH:0
end_of_record
TN:
SF:/home/ali/exemple-jhipster/testbed/src/main/webapp/app/shared/constants/input.constants.ts
FNF:0
FNH:0
DA:1,2
DA:2,2
LF:2
LH:2
BRF:0
BRH:0
end_of_record
TN:
SF:/home/ali/exemple-jhipster/testbed/src/main/webapp/app/shared/constants/pagination.constants.ts
FNF:0
FNH:0
DA:1,2
LF:1
LH:1
BRF:0
BRH:0
end_of_record
TN:
SF:/home/ali/exemple-jhipster/testbed/src/main/webapp/app/shared/login/login.component.html
FNF:0
FNH:0
DA:1,46
LF:1
LH:1
BRF:0
BRH:0
end_of_record
TN:
SF:/home/ali/exemple-jhipster/testbed/src/main/webapp/app/shared/login/login.component.ts
FN:24,(anonymous_0)
FN:26,(anonymous_1)
FN:32,(anonymous_2)
FN:41,(anonymous_3)
FN:49,(anonymous_4)
FN:60,(anonymous_5)
FN:64,(anonymous_6)
FN:69,(anonymous_7)
FNF:8
FNH:6
FNDA:4,(anonymous_0)
FNDA:0,(anonymous_1)
FNDA:1,(anonymous_2)
FNDA:1,(anonymous_3)
FNDA:1,(anonymous_4)
FNDA:0,(anonymous_5)
FNDA:1,(anonymous_6)
FNDA:1,(anonymous_7)
DA:1,46
DA:2,46
DA:3,46
DA:4,46
DA:6,46
DA:12,46
DA:14,46
DA:16,4
DA:18,4
DA:24,4
DA:27,0
DA:28,0
DA:33,1
DA:34,1
DA:38,1
DA:42,1
DA:50,1
DA:51,1
DA:52,1
DA:57,0
DA:60,0
DA:65,1
DA:66,1
DA:70,1
DA:71,1
LF:25
LH:21
BRDA:27,0,0,0
BRDA:27,0,1,0
BRDA:52,1,0,0
BRDA:52,1,1,1
BRDA:53,2,0,1
BRDA:53,2,1,1
BRDA:53,2,2,1
BRF:7
BRH:4
end_of_record
TN:
SF:/home/ali/exemple-jhipster/testbed/src/main/webapp/app/shared/model/basket.model.ts
FN:15,(anonymous_0)
FNF:1
FNH:1
FNDA:12,(anonymous_0)
DA:14,4
DA:16,12
DA:17,12
DA:18,12
DA:19,12
DA:20,12
DA:21,12
LF:7
LH:7
BRF:0
BRH:0
end_of_record
TN:
SF:/home/ali/exemple-jhipster/testbed/src/main/webapp/app/shared/model/cooperative.model.ts
FN:12,(anonymous_0)
FNF:1
FNH:1
FNDA:12,(anonymous_0)
DA:11,4
DA:13,12
DA:14,12
DA:15,12
DA:16,12
DA:17,12
LF:6
LH:6
BRF:0
BRH:0
end_of_record
TN:
SF:/home/ali/exemple-jhipster/testbed/src/main/webapp/app/shared/model/course.model.ts
FN:15,(anonymous_0)
FNF:1
FNH:1
FNDA:12,(anonymous_0)
DA:14,4
DA:16,12
DA:17,12
DA:18,12
DA:19,12
DA:20,12
LF:6
LH:6
BRF:0
BRH:0
end_of_record
TN:
SF:/home/ali/exemple-jhipster/testbed/src/main/webapp/app/shared/model/order.model.ts
FN:7,(anonymous_0)
FNF:1
FNH:1
FNDA:12,(anonymous_0)
DA:6,4
DA:7,12
LF:2
LH:2
BRF:0
BRH:0
end_of_record
TN:
SF:/home/ali/exemple-jhipster/testbed/src/main/webapp/app/shared/model/payment.model.ts
FN:9,(anonymous_0)
FNF:1
FNH:1
FNDA:12,(anonymous_0)
DA:8,4
DA:9,12
LF:2
LH:2
BRF:0
BRH:0
end_of_record
TN:
SF:/home/ali/exemple-jhipster/testbed/src/main/webapp/app/shared/model/product.model.ts
FN:15,(anonymous_0)
FNF:1
FNH:1
FNDA:12,(anonymous_0)
DA:14,4
DA:16,12
DA:17,12
DA:18,12
DA:19,12
DA:20,12
DA:21,12
LF:7
LH:7
BRF:0
BRH:0
end_of_record
TN:
SF:/home/ali/exemple-jhipster/testbed/src/main/webapp/app/shared/model/restaurant.model.ts
FN:12,(anonymous_0)
FNF:1
FNH:1
FNDA:12,(anonymous_0)
DA:11,4
DA:13,12
DA:14,12
DA:15,12
DA:16,12
DA:17,12
LF:6
LH:6
BRF:0
BRH:0
end_of_record
TN:
SF:/home/ali/exemple-jhipster/testbed/src/main/webapp/app/shared/util/request-util.ts
FN:15,(anonymous_0)
FN:19,(anonymous_1)
FN:26,(anonymous_2)
FNF:3
FNH:3
FNDA:17,(anonymous_0)
FNDA:50,(anonymous_1)
FNDA:7,(anonymous_2)
DA:1,34
DA:15,34
DA:16,17
DA:18,17
DA:19,10
DA:20,50
DA:21,40
DA:25,10
DA:26,10
DA:27,7
DA:32,17
LF:11
LH:11
BRDA:18,0,0,10
BRDA:18,0,1,7
BRDA:20,1,0,40
BRDA:20,1,1,10
BRDA:25,2,0,10
BRDA:25,2,1,0
BRF:6
BRH:5
end_of_record
